<?xml version="1.0" encoding="UTF-8"?>
<!-- Generated by org.testng.reporters.JUnitReportReporter -->
<testsuite hostname="GameBoy" name="test.DummyClass" tests="1" failures="0" timestamp="4 Dec 2019 12:45:35 GMT" time="22.675" errors="0">
  <testcase name="test" time="22.675" classname="test.DummyClass"/>
</testsuite> <!-- test.DummyClass -->
