<?xml version="1.0" encoding="UTF-8"?>
<!-- Generated by org.testng.reporters.JUnitReportReporter -->
<testsuite hostname="GameBoy" name="utils.XlClass" tests="1" failures="0" timestamp="3 Dec 2019 09:10:31 GMT" time="0.703" errors="0">
  <testcase name="test" time="0.703" classname="utils.XlClass"/>
</testsuite> <!-- utils.XlClass -->
